This file contains any messages produced by compilers while
running configure, to aid debugging if configure makes a mistake.

It was created by Quagga configure 1.2.4, which was
generated by GNU Autoconf 2.69.  Invocation command line was

  $ ./configure --disable-ipv6

## --------- ##
## Platform. ##
## --------- ##

hostname = Zhijia-iMac
uname -m = x86_64
uname -r = 18.0.0
uname -s = Darwin
uname -v = Darwin Kernel Version 18.0.0: Wed Aug 22 20:13:40 PDT 2018; root:xnu-4903.201.2~1/RELEASE_X86_64

/usr/bin/uname -p = i386
/bin/uname -X     = unknown

/bin/arch              = unknown
/usr/bin/arch -k       = unknown
/usr/convex/getsysinfo = unknown
/usr/bin/hostinfo      = Mach kernel version:
	 Darwin Kernel Version 18.0.0: Wed Aug 22 20:13:40 PDT 2018; root:xnu-4903.201.2~1/RELEASE_X86_64
Kernel configured for up to 4 processors.
4 processors are physically available.
4 processors are logically available.
Processor type: x86_64h (Intel x86-64h Haswell)
Processors active: 0 1 2 3
Primary memory available: 48.00 gigabytes
Default processor set: 459 tasks, 2304 threads, 4 processors
Load average: 2.77, Mach factor: 1.43
/bin/machine           = unknown
/usr/bin/oslevel       = unknown
/bin/universe          = unknown

PATH: /Users/zhijia/miniconda3/bin
PATH: /Users/zhijia/.opam/system/bin
PATH: /opt/local/Library/Frameworks/Python.framework/Versions/3.3/lib/
PATH: /Library/PostgreSQL/9.6/bin
PATH: /opt/local/bin
PATH: /opt/local/sbin
PATH: /Library/Frameworks/Python.framework/Versions/3.6/bin
PATH: /Library/Frameworks/Python.framework/Versions/2.7/bin
PATH: /usr/local/bin
PATH: /usr/bin
PATH: /bin
PATH: /usr/sbin
PATH: /sbin
PATH: /Library/TeX/texbin
PATH: /opt/X11/bin
PATH: /Library/Frameworks/Mono.framework/Versions/Current/Commands
PATH: /Users/zhijia


## ----------- ##
## Core tests. ##
## ----------- ##

configure:2630: checking build system type
configure:2644: result: x86_64-apple-darwin18.0.0
configure:2664: checking host system type
configure:2677: result: x86_64-apple-darwin18.0.0
configure:2697: checking target system type
configure:2710: result: x86_64-apple-darwin18.0.0
configure:2755: checking for a BSD-compatible install
configure:2823: result: /usr/local/bin/ginstall -c
configure:2834: checking whether build environment is sane
configure:2889: result: yes
configure:3040: checking for a thread-safe mkdir -p
configure:3079: result: /usr/local/bin/gmkdir -p
configure:3086: checking for gawk
configure:3116: result: no
configure:3086: checking for mawk
configure:3116: result: no
configure:3086: checking for nawk
configure:3116: result: no
configure:3086: checking for awk
configure:3102: found /usr/bin/awk
configure:3113: result: awk
configure:3124: checking whether make sets $(MAKE)
configure:3146: result: yes
configure:3175: checking whether make supports nested variables
configure:3192: result: yes
configure:3331: checking whether make supports nested variables
configure:3348: result: yes
configure:3364: checking for perl
configure:3382: found /usr/bin/perl
configure:3394: result: /usr/bin/perl
configure:3404: checking for gawk
configure:3432: result: not-in-PATH
configure:3441: error: GNU awk is required for lib/memtype.h made by memtypes.awk.
BSD awk complains: awk: gensub doesn't support backreferences (subst "\1") 

## ---------------- ##
## Cache variables. ##
## ---------------- ##

ac_cv_build=x86_64-apple-darwin18.0.0
ac_cv_env_CARES_CFLAGS_set=
ac_cv_env_CARES_CFLAGS_value=
ac_cv_env_CARES_LIBS_set=
ac_cv_env_CARES_LIBS_value=
ac_cv_env_CC_set=
ac_cv_env_CC_value=
ac_cv_env_CFLAGS_set=
ac_cv_env_CFLAGS_value=
ac_cv_env_CPPFLAGS_set=
ac_cv_env_CPPFLAGS_value=
ac_cv_env_CPP_set=
ac_cv_env_CPP_value=
ac_cv_env_GAWK_set=
ac_cv_env_GAWK_value=
ac_cv_env_LDFLAGS_set=
ac_cv_env_LDFLAGS_value=
ac_cv_env_LIBS_set=
ac_cv_env_LIBS_value=
ac_cv_env_LT_SYS_LIBRARY_PATH_set=
ac_cv_env_LT_SYS_LIBRARY_PATH_value=
ac_cv_env_PKG_CONFIG_LIBDIR_set=
ac_cv_env_PKG_CONFIG_LIBDIR_value=
ac_cv_env_PKG_CONFIG_PATH_set=
ac_cv_env_PKG_CONFIG_PATH_value=
ac_cv_env_PKG_CONFIG_set=
ac_cv_env_PKG_CONFIG_value=
ac_cv_env_PROTOBUF_C_CFLAGS_set=
ac_cv_env_PROTOBUF_C_CFLAGS_value=
ac_cv_env_PROTOBUF_C_LIBS_set=
ac_cv_env_PROTOBUF_C_LIBS_value=
ac_cv_env_build_alias_set=
ac_cv_env_build_alias_value=
ac_cv_env_host_alias_set=
ac_cv_env_host_alias_value=
ac_cv_env_target_alias_set=
ac_cv_env_target_alias_value=
ac_cv_host=x86_64-apple-darwin18.0.0
ac_cv_path_PERL=/usr/bin/perl
ac_cv_path_install='/usr/local/bin/ginstall -c'
ac_cv_path_mkdir=/usr/local/bin/gmkdir
ac_cv_prog_AWK=awk
ac_cv_prog_GAWK=not-in-PATH
ac_cv_prog_make_make_set=yes
ac_cv_target=x86_64-apple-darwin18.0.0
am_cv_make_support_nested_variables=yes

## ----------------- ##
## Output variables. ##
## ----------------- ##

ACLOCAL='${SHELL} /Users/zhijia/git/quagga-1.2.4/missing aclocal-1.15'
AMDEPBACKSLASH=''
AMDEP_FALSE=''
AMDEP_TRUE=''
AMTAR='$${TAR-tar}'
AM_BACKSLASH='\'
AM_DEFAULT_V='$(AM_DEFAULT_VERBOSITY)'
AM_DEFAULT_VERBOSITY='0'
AM_V='$(V)'
AR=''
AUTOCONF='${SHELL} /Users/zhijia/git/quagga-1.2.4/missing autoconf'
AUTOHEADER='${SHELL} /Users/zhijia/git/quagga-1.2.4/missing autoheader'
AUTOMAKE='${SHELL} /Users/zhijia/git/quagga-1.2.4/missing automake-1.15'
AWK='awk'
BGPD=''
BGPD_FALSE=''
BGPD_TRUE=''
CARES_CFLAGS=''
CARES_LIBS=''
CC=''
CCDEPMODE=''
CFLAGS=''
CONFDATE=''
CONFIG_ARGS='--disable-ipv6'
CPP=''
CPPFLAGS=''
CURSES=''
CYGPATH_W='echo'
DEFS=''
DEPDIR=''
DEV_BUILD_FALSE=''
DEV_BUILD_TRUE=''
DLLTOOL=''
DOC=''
DSYMUTIL=''
DUMPBIN=''
ECHO_C='\c'
ECHO_N=''
ECHO_T=''
EGREP=''
EXEEXT=''
FGREP=''
GAWK='not-in-PATH'
GIT_VERSION_FALSE=''
GIT_VERSION_TRUE=''
GREP=''
HAVE_LATEX_FALSE=''
HAVE_LATEX_TRUE=''
HAVE_LIBPCREPOSIX=''
HAVE_NETLINK_FALSE=''
HAVE_NETLINK_TRUE=''
HAVE_PANDOC_FALSE=''
HAVE_PANDOC_TRUE=''
HAVE_PROTOBUF_FALSE=''
HAVE_PROTOBUF_TRUE=''
IF_METHOD=''
INSTALL_DATA='${INSTALL} -m 644'
INSTALL_PROGRAM='${INSTALL}'
INSTALL_SCRIPT='${INSTALL}'
INSTALL_STRIP_PROGRAM='$(install_sh) -c -s'
IOCTL_METHOD=''
IPFORWARD=''
ISISD=''
ISISD_FALSE=''
ISISD_TRUE=''
ISIS_TOPOLOGY_DIR=''
ISIS_TOPOLOGY_INCLUDES=''
ISIS_TOPOLOGY_LIB=''
KERNEL_METHOD=''
LATEXMK=''
LD=''
LDFLAGS=''
LIBCAP=''
LIBM=''
LIBOBJS=''
LIBPAM=''
LIBREADLINE=''
LIBS=''
LIBTOOL=''
LIB_REGEX=''
LIPO=''
LN_S=''
LTLIBOBJS=''
LT_SYS_LIBRARY_PATH=''
MAKEINFO='${SHELL} /Users/zhijia/git/quagga-1.2.4/missing makeinfo'
MANIFEST_TOOL=''
MKDIR_P='/usr/local/bin/gmkdir -p'
NETSNMP_CONFIG=''
NHRPD=''
NHRPD_FALSE=''
NHRPD_TRUE=''
NM=''
NMEDIT=''
OBJDUMP=''
OBJEXT=''
OSPF6D=''
OSPF6D_FALSE=''
OSPF6D_TRUE=''
OSPFAPI=''
OSPFCLIENT=''
OSPFCLIENT_FALSE=''
OSPFCLIENT_TRUE=''
OSPFD=''
OSPFD_FALSE=''
OSPFD_TRUE=''
OTOOL64=''
OTOOL=''
PACKAGE='quagga'
PACKAGE_BUGREPORT='https://bugzilla.quagga.net'
PACKAGE_NAME='Quagga'
PACKAGE_STRING='Quagga 1.2.4'
PACKAGE_TARNAME='quagga'
PACKAGE_URL=''
PACKAGE_VERSION='1.2.4'
PANDOC=''
PATH_SEPARATOR=':'
PDFLATEX=''
PERL='/usr/bin/perl'
PIMD=''
PIMD_FALSE=''
PIMD_TRUE=''
PKG_CONFIG=''
PKG_CONFIG_LIBDIR=''
PKG_CONFIG_PATH=''
PROTOBUF_C_CFLAGS=''
PROTOBUF_C_LIBS=''
PROTOC_C=''
RANLIB=''
RIPD=''
RIPD_FALSE=''
RIPD_TRUE=''
RIPNGD=''
RIPNGD_FALSE=''
RIPNGD_TRUE=''
RTREAD_METHOD=''
RT_METHOD=''
SED=''
SET_MAKE=''
SHELL='/bin/sh'
SOLARIS=''
STRIP=''
VERSION='1.2.4'
VTYSH=''
VTYSH_FALSE=''
VTYSH_TRUE=''
WATCHQUAGGA=''
WATCHQUAGGA_FALSE=''
WATCHQUAGGA_TRUE=''
WEAK_ALIAS=''
WEAK_ALIAS_CROSSFILE=''
WERROR=''
ZEBRA=''
ZEBRA_FALSE=''
ZEBRA_TRUE=''
ac_ct_AR=''
ac_ct_CC=''
ac_ct_DUMPBIN=''
am__EXEEXT_FALSE=''
am__EXEEXT_TRUE=''
am__fastdepCC_FALSE=''
am__fastdepCC_TRUE=''
am__include=''
am__isrc=''
am__leading_dot='.'
am__nodep=''
am__quote=''
am__tar='$${TAR-tar} chof - "$$tardir"'
am__untar='$${TAR-tar} xf -'
bindir='${exec_prefix}/bin'
build='x86_64-apple-darwin18.0.0'
build_alias=''
build_cpu='x86_64'
build_os='darwin18.0.0'
build_vendor='apple'
datadir='${datarootdir}'
datarootdir='${prefix}/share'
docdir='${datarootdir}/doc/${PACKAGE_TARNAME}'
dvidir='${docdir}'
enable_group=''
enable_user=''
enable_vty_group=''
exampledir=''
exec_prefix='NONE'
host='x86_64-apple-darwin18.0.0'
host_alias=''
host_cpu='x86_64'
host_os='darwin18.0.0'
host_vendor='apple'
htmldir='${docdir}'
includedir='${prefix}/include'
infodir='${datarootdir}/info'
install_sh='${SHELL} /Users/zhijia/git/quagga-1.2.4/install-sh'
libdir='${exec_prefix}/lib'
libexecdir='${exec_prefix}/libexec'
localedir='${datarootdir}/locale'
localstatedir='${prefix}/var'
mandir='${datarootdir}/man'
mkdir_p='$(MKDIR_P)'
oldincludedir='/usr/include'
pdfdir='${docdir}'
pkgsrcdir=''
pkgsrcrcdir=''
prefix='NONE'
program_transform_name='s,x,x,'
psdir='${docdir}'
quagga_statedir=''
sbindir='${exec_prefix}/sbin'
sharedstatedir='${prefix}/com'
sysconfdir='${prefix}/etc'
target='x86_64-apple-darwin18.0.0'
target_alias=''
target_cpu='x86_64'
target_os='darwin18.0.0'
target_vendor='apple'

## ----------- ##
## confdefs.h. ##
## ----------- ##

/* confdefs.h */
#define PACKAGE_NAME "Quagga"
#define PACKAGE_TARNAME "quagga"
#define PACKAGE_VERSION "1.2.4"
#define PACKAGE_STRING "Quagga 1.2.4"
#define PACKAGE_BUGREPORT "https://bugzilla.quagga.net"
#define PACKAGE_URL ""
#define PACKAGE "quagga"
#define VERSION "1.2.4"

configure: exit 1
